2014/01/31 11:08:30 INFO  - jmeter.util.JMeterUtils: Setting Locale to ja_JP 
2014/01/31 11:08:30 INFO  - jmeter.util.JMeterUtils: Could not find resources for 'ja_JP', using 'ja' 
2014/01/31 11:08:30 INFO  - jmeter.JMeter: Loading user properties from: /var/m2m_install/an/tool/apache-jmeter-2.11/bin/user.properties 
2014/01/31 11:08:30 INFO  - jmeter.JMeter: Loading system properties from: /var/m2m_install/an/tool/apache-jmeter-2.11/bin/system.properties 
2014/01/31 11:08:30 INFO  - jmeter.JMeter: Setting JMeter property: cont_num=100 
2014/01/31 11:08:30 INFO  - jmeter.JMeter: Setting JMeter property: loop_repeat=100 
2014/01/31 11:08:30 INFO  - jmeter.JMeter: Copyright (c) 1998-2014 The Apache Software Foundation 
2014/01/31 11:08:30 INFO  - jmeter.JMeter: Version 2.11 r1554548 
2014/01/31 11:08:30 INFO  - jmeter.JMeter: java.version=1.6.0_30 
2014/01/31 11:08:30 INFO  - jmeter.JMeter: java.vm.name=Java HotSpot(TM) 64-Bit Server VM 
2014/01/31 11:08:30 INFO  - jmeter.JMeter: os.name=Linux 
2014/01/31 11:08:30 INFO  - jmeter.JMeter: os.arch=amd64 
2014/01/31 11:08:30 INFO  - jmeter.JMeter: os.version=2.6.18-194.el5 
2014/01/31 11:08:30 INFO  - jmeter.JMeter: file.encoding=UTF-8 
2014/01/31 11:08:30 INFO  - jmeter.JMeter: Default Locale=日本語 (日本) 
2014/01/31 11:08:30 INFO  - jmeter.JMeter: JMeter  Locale=日本語 (日本) 
2014/01/31 11:08:30 INFO  - jmeter.JMeter: JMeterHome=/var/m2m_install/an/tool/apache-jmeter-2.11 
2014/01/31 11:08:30 INFO  - jmeter.JMeter: user.dir  =/var/m2m_install/an/tool/apache-jmeter-2.11/gen2_apl/1_ap_syunjichi 
2014/01/31 11:08:30 INFO  - jmeter.JMeter: PWD       =/var/m2m_install/an/tool/apache-jmeter-2.11/gen2_apl/1_ap_syunjichi 
2014/01/31 11:08:30 INFO  - jmeter.JMeter: IP: 172.19.162.175 Name: ncpla6t046 FullName: ncpla6t046.local 
2014/01/31 11:08:30 INFO  - jmeter.services.FileServer: Default base='/var/m2m_install/an/tool/apache-jmeter-2.11/gen2_apl/1_ap_syunjichi' 
2014/01/31 11:08:30 INFO  - jmeter.services.FileServer: Set new base='/var/m2m_install/an/tool/apache-jmeter-2.11/gen2_apl/1_ap_syunjichi' 
2014/01/31 11:08:30 INFO  - jmeter.JMeter: Loading file: /var/m2m_install/an/tool/apache-jmeter-2.11/gen2_apl/1_ap_syunjichi/1_ap_syunjichi.jmx 
2014/01/31 11:08:30 INFO  - jmeter.save.SaveService: Testplan (JMX) version: 2.2. Testlog (JTL) version: 2.2 
2014/01/31 11:08:30 INFO  - jmeter.save.SaveService: Using SaveService properties file encoding UTF-8 
2014/01/31 11:08:30 INFO  - jmeter.save.SaveService: Using SaveService properties version 2.6 
2014/01/31 11:08:30 INFO  - jmeter.save.SaveService: Using SaveService properties file version 1554411 
2014/01/31 11:08:30 INFO  - jmeter.save.SaveService: All converter versions present and correct 
2014/01/31 11:08:30 INFO  - jmeter.util.BSFTestElement: Registering JMeter version of JavaScript engine as work-round for BSF-22 
2014/01/31 11:08:30 INFO  - jmeter.protocol.http.sampler.HTTPSamplerBase: Cannot find .className property for htmlParser, using default 
2014/01/31 11:08:30 INFO  - jmeter.protocol.http.sampler.HTTPSamplerBase: Parser for text/html is  
2014/01/31 11:08:30 INFO  - jmeter.protocol.http.sampler.HTTPSamplerBase: Parser for application/xhtml+xml is  
2014/01/31 11:08:30 INFO  - jmeter.protocol.http.sampler.HTTPSamplerBase: Parser for application/xml is  
2014/01/31 11:08:30 INFO  - jmeter.protocol.http.sampler.HTTPSamplerBase: Parser for text/xml is  
2014/01/31 11:08:30 INFO  - jmeter.protocol.http.sampler.HTTPSamplerBase: Parser for text/vnd.wap.wml is org.apache.jmeter.protocol.http.parser.RegexpHTMLParser 
2014/01/31 11:08:30 INFO  - jmeter.protocol.http.sampler.HTTPHCAbstractImpl: Local host = ncpla6t046 
2014/01/31 11:08:30 INFO  - jmeter.protocol.http.sampler.HTTPHC3Impl: HTTP request retry count = 0 
2014/01/31 11:08:30 INFO  - jmeter.JMeter: Creating summariser <summary> 
2014/01/31 11:08:30 INFO  - jmeter.engine.StandardJMeterEngine: Listeners will be started after enabling running version 
2014/01/31 11:08:30 INFO  - jmeter.engine.StandardJMeterEngine: To revert to the earlier behaviour, define jmeterengine.startlistenerslater=false 
2014/01/31 11:08:30 INFO  - jmeter.engine.StandardJMeterEngine: Running the test! 
2014/01/31 11:08:30 INFO  - jmeter.samplers.SampleEvent: List of sample_variables: [] 
2014/01/31 11:08:30 INFO  - jmeter.samplers.SampleEvent: List of sample_variables: [] 
2014/01/31 11:08:30 INFO  - jmeter.engine.util.CompoundVariable: Note: Function class names must contain the string: '.functions.' 
2014/01/31 11:08:30 INFO  - jmeter.engine.util.CompoundVariable: Note: Function class names must not contain the string: '.gui.' 
2014/01/31 11:08:30 INFO  - jmeter.JMeter: テスト実行中 (1391134110612) 
2014/01/31 11:08:30 INFO  - jmeter.engine.StandardJMeterEngine: Starting ThreadGroup: 1 : 瞬時値パッチのCONEXIVEアクセス 
2014/01/31 11:08:30 INFO  - jmeter.engine.StandardJMeterEngine: Starting 1 threads for group 瞬時値パッチのCONEXIVEアクセス. 
2014/01/31 11:08:30 INFO  - jmeter.engine.StandardJMeterEngine: Thread will continue on error 
2014/01/31 11:08:30 INFO  - jmeter.threads.ThreadGroup: Starting thread group number 1 threads 1 ramp-up 0 perThread 0.0 delayedStart=false 
2014/01/31 11:08:30 INFO  - jmeter.threads.JMeterThread: jmeterthread.startearlier=true (see jmeter.properties) 
2014/01/31 11:08:30 INFO  - jmeter.threads.JMeterThread: Running PostProcessors in forward order 
2014/01/31 11:08:30 INFO  - jmeter.threads.ThreadGroup: Started thread group number 1 
2014/01/31 11:08:30 INFO  - jmeter.engine.StandardJMeterEngine: All thread groups have been started 
2014/01/31 11:08:30 INFO  - jmeter.threads.JMeterThread: Thread started: 瞬時値パッチのCONEXIVEアクセス 1-1 
2014/01/31 11:08:30 INFO  - jmeter.modifiers.BSFPreProcessor: ★★★★ctrl_id IN: 999-0000000001,999-0000000002,999-0000000003,999-0000000004,999-0000000005,999-0000000006,999-0000000007,999-0000000008,999-0000000009,999-0000000010,999-0000000011,999-0000000012,999-0000000013,999-0000000014,999-0000000015,999-0000000016,999-0000000017,999-0000000018,999-0000000019,999-0000000020,999-0000000021,999-0000000022,999-0000000023,999-0000000024,999-0000000025,999-0000000026,999-0000000027,999-0000000028,999-0000000029,999-0000000030,999-0000000031,999-0000000032,999-0000000033,999-0000000034,999-0000000035,999-0000000036,999-0000000037,999-0000000038,999-0000000039,999-0000000040,999-0000000041,999-0000000042,999-0000000043,999-0000000044,999-0000000045,999-0000000046,999-0000000047,999-0000000048,999-0000000049,999-0000000050,999-0000000051,999-0000000052,999-0000000053,999-0000000054,999-0000000055,999-0000000056,999-0000000057,999-0000000058,999-0000000059,999-0000000060,999-0000000061,999-0000000062,999-0000000063,999-0000000064,999-0000000065,999-0000000066,999-0000000067,999-0000000068,999-0000000069,999-0000000070,999-0000000071,999-0000000072,999-0000000073,999-0000000074,999-0000000075,999-0000000076,999-0000000077,999-0000000078,999-0000000079,999-0000000080,999-0000000081,999-0000000082,999-0000000083,999-0000000084,999-0000000085,999-0000000086,999-0000000087,999-0000000088,999-0000000089,999-0000000090,999-0000000091,999-0000000092,999-0000000093,999-0000000094,999-0000000095,999-0000000096,999-0000000097,999-0000000098,999-0000000099,999-0000000100 
2014/01/31 11:08:30 INFO  - jmeter.samplers.SampleResult: Note: Sample TimeStamps are START times 
2014/01/31 11:08:30 INFO  - jmeter.samplers.SampleResult: sampleresult.default.encoding is set to ISO-8859-1 
2014/01/31 11:08:30 INFO  - jmeter.samplers.SampleResult: sampleresult.useNanoTime=true 
2014/01/31 11:08:30 INFO  - jmeter.samplers.SampleResult: sampleresult.nanoThreadSleep=5000 
2014/01/31 11:08:30 INFO  - jmeter.reporters.Summariser: summary +      1 in   0.1s =    8.2/s Avg:   122 Min:   122 Max:   122 Err:     0 (0.00%) Active: 1 Started: 1 Finished: 0 
2014/01/31 11:08:31 INFO  - jmeter.modifiers.BSFPreProcessor: ★★★★ctrl_id IN: 999-0000000001,999-0000000002,999-0000000003,999-0000000004,999-0000000005,999-0000000006,999-0000000007,999-0000000008,999-0000000009,999-0000000010,999-0000000011,999-0000000012,999-0000000013,999-0000000014,999-0000000015,999-0000000016,999-0000000017,999-0000000018,999-0000000019,999-0000000020,999-0000000021,999-0000000022,999-0000000023,999-0000000024,999-0000000025,999-0000000026,999-0000000027,999-0000000028,999-0000000029,999-0000000030,999-0000000031,999-0000000032,999-0000000033,999-0000000034,999-0000000035,999-0000000036,999-0000000037,999-0000000038,999-0000000039,999-0000000040,999-0000000041,999-0000000042,999-0000000043,999-0000000044,999-0000000045,999-0000000046,999-0000000047,999-0000000048,999-0000000049,999-0000000050,999-0000000051,999-0000000052,999-0000000053,999-0000000054,999-0000000055,999-0000000056,999-0000000057,999-0000000058,999-0000000059,999-0000000060,999-0000000061,999-0000000062,999-0000000063,999-0000000064,999-0000000065,999-0000000066,999-0000000067,999-0000000068,999-0000000069,999-0000000070,999-0000000071,999-0000000072,999-0000000073,999-0000000074,999-0000000075,999-0000000076,999-0000000077,999-0000000078,999-0000000079,999-0000000080,999-0000000081,999-0000000082,999-0000000083,999-0000000084,999-0000000085,999-0000000086,999-0000000087,999-0000000088,999-0000000089,999-0000000090,999-0000000091,999-0000000092,999-0000000093,999-0000000094,999-0000000095,999-0000000096,999-0000000097,999-0000000098,999-0000000099,999-0000000100 
2014/01/31 11:08:31 INFO  - jmeter.threads.JMeterThread: Thread finished: 瞬時値パッチのCONEXIVEアクセス 1-1 
2014/01/31 11:08:31 INFO  - jmeter.engine.StandardJMeterEngine: Notifying test listeners of end of test 
2014/01/31 11:08:31 INFO  - jmeter.reporters.Summariser: summary +      1 in   0.2s =    5.6/s Avg:   178 Min:   178 Max:   178 Err:     0 (0.00%) Active: 0 Started: 1 Finished: 1 
2014/01/31 11:08:31 INFO  - jmeter.reporters.Summariser: summary =      2 in   0.3s =    5.8/s Avg:   150 Min:   122 Max:   178 Err:     0 (0.00%) 
