2014/01/31 21:00:05 INFO  - jmeter.util.JMeterUtils: Setting Locale to ja_JP 
2014/01/31 21:00:05 INFO  - jmeter.util.JMeterUtils: Could not find resources for 'ja_JP', using 'ja' 
2014/01/31 21:00:05 INFO  - jmeter.JMeter: Loading user properties from: /var/m2m_install/an/tool/apache-jmeter-2.11/bin/user.properties 
2014/01/31 21:00:05 INFO  - jmeter.JMeter: Loading system properties from: /var/m2m_install/an/tool/apache-jmeter-2.11/bin/system.properties 
2014/01/31 21:00:05 INFO  - jmeter.JMeter: Setting JMeter property: pre_wf_proc=4295016796 
2014/01/31 21:00:05 INFO  - jmeter.JMeter: Copyright (c) 1998-2014 The Apache Software Foundation 
2014/01/31 21:00:05 INFO  - jmeter.JMeter: Version 2.11 r1554548 
2014/01/31 21:00:05 INFO  - jmeter.JMeter: java.version=1.6.0_30 
2014/01/31 21:00:05 INFO  - jmeter.JMeter: java.vm.name=Java HotSpot(TM) 64-Bit Server VM 
2014/01/31 21:00:05 INFO  - jmeter.JMeter: os.name=Linux 
2014/01/31 21:00:05 INFO  - jmeter.JMeter: os.arch=amd64 
2014/01/31 21:00:05 INFO  - jmeter.JMeter: os.version=2.6.18-194.el5 
2014/01/31 21:00:05 INFO  - jmeter.JMeter: file.encoding=UTF-8 
2014/01/31 21:00:05 INFO  - jmeter.JMeter: Default Locale=日本語 (日本) 
2014/01/31 21:00:05 INFO  - jmeter.JMeter: JMeter  Locale=日本語 (日本) 
2014/01/31 21:00:05 INFO  - jmeter.JMeter: JMeterHome=/var/m2m_install/an/tool/apache-jmeter-2.11 
2014/01/31 21:00:05 INFO  - jmeter.JMeter: user.dir  =/var/m2m_install/an/tool/apache-jmeter-2.11/gen2_apl/3_ap_event 
2014/01/31 21:00:05 INFO  - jmeter.JMeter: PWD       =/var/m2m_install/an/tool/apache-jmeter-2.11/gen2_apl/3_ap_event 
2014/01/31 21:00:05 INFO  - jmeter.JMeter: IP: 172.19.162.175 Name: ncpla6t046 FullName: ncpla6t046.local 
2014/01/31 21:00:05 INFO  - jmeter.services.FileServer: Default base='/var/m2m_install/an/tool/apache-jmeter-2.11/gen2_apl/3_ap_event' 
2014/01/31 21:00:05 INFO  - jmeter.services.FileServer: Set new base='/var/m2m_install/an/tool/apache-jmeter-2.11/gen2_apl/3_ap_event' 
2014/01/31 21:00:05 INFO  - jmeter.JMeter: Loading file: /var/m2m_install/an/tool/apache-jmeter-2.11/gen2_apl/3_ap_event/3_ap_event.jmx 
2014/01/31 21:00:05 INFO  - jmeter.save.SaveService: Testplan (JMX) version: 2.2. Testlog (JTL) version: 2.2 
2014/01/31 21:00:05 INFO  - jmeter.save.SaveService: Using SaveService properties file encoding UTF-8 
2014/01/31 21:00:05 INFO  - jmeter.save.SaveService: Using SaveService properties version 2.6 
2014/01/31 21:00:05 INFO  - jmeter.save.SaveService: Using SaveService properties file version 1554411 
2014/01/31 21:00:05 INFO  - jmeter.save.SaveService: All converter versions present and correct 
2014/01/31 21:00:05 INFO  - jmeter.protocol.http.sampler.HTTPSamplerBase: Cannot find .className property for htmlParser, using default 
2014/01/31 21:00:05 INFO  - jmeter.protocol.http.sampler.HTTPSamplerBase: Parser for text/html is  
2014/01/31 21:00:05 INFO  - jmeter.protocol.http.sampler.HTTPSamplerBase: Parser for application/xhtml+xml is  
2014/01/31 21:00:05 INFO  - jmeter.protocol.http.sampler.HTTPSamplerBase: Parser for application/xml is  
2014/01/31 21:00:05 INFO  - jmeter.protocol.http.sampler.HTTPSamplerBase: Parser for text/xml is  
2014/01/31 21:00:05 INFO  - jmeter.protocol.http.sampler.HTTPSamplerBase: Parser for text/vnd.wap.wml is org.apache.jmeter.protocol.http.parser.RegexpHTMLParser 
2014/01/31 21:00:05 INFO  - jmeter.protocol.http.sampler.HTTPHCAbstractImpl: Local host = ncpla6t046 
2014/01/31 21:00:05 INFO  - jmeter.protocol.http.sampler.HTTPHC3Impl: HTTP request retry count = 0 
2014/01/31 21:00:05 INFO  - jmeter.util.BSFTestElement: Registering JMeter version of JavaScript engine as work-round for BSF-22 
2014/01/31 21:00:05 INFO  - jmeter.JMeter: Creating summariser <summary> 
2014/01/31 21:00:05 INFO  - jmeter.engine.StandardJMeterEngine: Listeners will be started after enabling running version 
2014/01/31 21:00:05 INFO  - jmeter.engine.StandardJMeterEngine: To revert to the earlier behaviour, define jmeterengine.startlistenerslater=false 
2014/01/31 21:00:05 INFO  - jmeter.engine.StandardJMeterEngine: Running the test! 
2014/01/31 21:00:05 INFO  - jmeter.samplers.SampleEvent: List of sample_variables: [] 
2014/01/31 21:00:05 INFO  - jmeter.samplers.SampleEvent: List of sample_variables: [] 
2014/01/31 21:00:05 INFO  - jmeter.engine.util.CompoundVariable: Note: Function class names must contain the string: '.functions.' 
2014/01/31 21:00:05 INFO  - jmeter.engine.util.CompoundVariable: Note: Function class names must not contain the string: '.gui.' 
2014/01/31 21:00:05 INFO  - jmeter.JMeter: テスト実行中 (1391169605668) 
2014/01/31 21:00:05 INFO  - jmeter.engine.StandardJMeterEngine: Starting ThreadGroup: 1 : イベント情報コピーパッチのCONEXIVEアクセス 
2014/01/31 21:00:05 INFO  - jmeter.engine.StandardJMeterEngine: Starting 1 threads for group イベント情報コピーパッチのCONEXIVEアクセス. 
2014/01/31 21:00:05 INFO  - jmeter.engine.StandardJMeterEngine: Thread will continue on error 
2014/01/31 21:00:05 INFO  - jmeter.threads.ThreadGroup: Starting thread group number 1 threads 1 ramp-up 0 perThread 0.0 delayedStart=false 
2014/01/31 21:00:05 INFO  - jmeter.threads.JMeterThread: jmeterthread.startearlier=true (see jmeter.properties) 
2014/01/31 21:00:05 INFO  - jmeter.threads.JMeterThread: Running PostProcessors in forward order 
2014/01/31 21:00:05 INFO  - jmeter.threads.ThreadGroup: Started thread group number 1 
2014/01/31 21:00:05 INFO  - jmeter.engine.StandardJMeterEngine: All thread groups have been started 
2014/01/31 21:00:05 INFO  - jmeter.threads.JMeterThread: Thread started: イベント情報コピーパッチのCONEXIVEアクセス 1-1 
2014/01/31 21:00:05 INFO  - jmeter.samplers.SampleResult: Note: Sample TimeStamps are START times 
2014/01/31 21:00:05 INFO  - jmeter.samplers.SampleResult: sampleresult.default.encoding is set to ISO-8859-1 
2014/01/31 21:00:05 INFO  - jmeter.samplers.SampleResult: sampleresult.useNanoTime=true 
2014/01/31 21:00:05 INFO  - jmeter.samplers.SampleResult: sampleresult.nanoThreadSleep=5000 
2014/01/31 21:00:05 INFO  - jmeter.reporters.Summariser: summary +      1 in   0.2s =    5.5/s Avg:   181 Min:   181 Max:   181 Err:     0 (0.00%) Active: 1 Started: 1 Finished: 0 
2014/01/31 21:00:05 INFO  - jmeter.threads.JMeterThread: Thread finished: イベント情報コピーパッチのCONEXIVEアクセス 1-1 
2014/01/31 21:00:05 INFO  - jmeter.engine.StandardJMeterEngine: Notifying test listeners of end of test 
2014/01/31 21:00:05 INFO  - jmeter.reporters.Summariser: summary +      1 in   0.1s =   14.1/s Avg:    71 Min:    71 Max:    71 Err:     0 (0.00%) Active: 0 Started: 1 Finished: 1 
2014/01/31 21:00:05 INFO  - jmeter.reporters.Summariser: summary =      2 in   0.3s =    7.4/s Avg:   126 Min:    71 Max:   181 Err:     0 (0.00%) 
